2018-05-21 01:19:25 INFO  TestBase:74 - Appium Capabilities set has been completed for the class :TC005_SeacrhTourTest
2018-05-21 01:19:25 INFO  TestBase:130 - Extend Report configuration was successfull
2018-05-21 01:19:32 INFO  TestBase:80 - Appium Driver has been successfully closed
2018-05-21 01:19:33 INFO  TestBase:164 - Follwing Test case execution was completed :TC005_SeacrhTourTest
2018-05-21 01:19:33 INFO  TestBase:190 - Extend Report has been closed
2018-05-21 02:12:51 INFO  TestBase:74 - Appium Capabilities setUp has been completed for the class :TC005_SeacrhTourTest
2018-05-21 02:12:52 INFO  TestBase:130 - Extend Report configuration was successfull
2018-05-21 02:12:59 INFO  TestBase:80 - Appium Driver has been successfully closed
2018-05-21 02:13:00 INFO  TestBase:164 - Follwing Test case execution was completed :TC005_SeacrhTourTest
2018-05-21 02:13:00 INFO  TestBase:190 - Extend Report has been closed
2018-05-21 02:14:50 INFO  TestBase:74 - Appium Capabilities setUp has been completed for the class :TC005_SeacrhTourTest
2018-05-21 02:14:50 INFO  TestBase:130 - Extend Report configuration was successfull
2018-05-21 02:14:54 INFO  TestBase:199 - $$$$$$$$$$$$$$$$$$$$$$logintomani@gmail.com
2018-05-21 02:14:54 INFO  TestBase:199 - $$$$$$$$$$$$$$$$$$$$$$komoot@123
2018-05-21 02:32:23 INFO  TestBase:74 - Appium Capabilities setUp has been completed for the class :TC005_SeacrhTourTest
2018-05-21 02:32:23 INFO  TestBase:130 - Extend Report configuration was successfull
2018-05-21 02:32:28 INFO  TestBase:199 - $$$$$$$$$$$$$$$$$$$$$$logintomani@gmail.com
2018-05-21 02:32:28 INFO  TestBase:199 - $$$$$$$$$$$$$$$$$$$$$$komoot@123
2018-05-21 02:32:46 INFO  TestBase:80 - Appium Driver has been successfully closed
2018-05-21 02:32:46 INFO  TestBase:164 - Follwing Test case execution was completed :TC005_SeacrhTourTest
2018-05-21 02:32:46 INFO  TestBase:190 - Extend Report has been closed
2018-05-21 02:34:13 INFO  TestBase:74 - Appium Capabilities setUp has been completed for the class :TC005_SeacrhTourTest
2018-05-21 02:34:13 INFO  TestBase:130 - Extend Report configuration was successfull
2018-05-21 02:34:17 INFO  TestBase:199 - $$$$$$$$$$$$$$$$$$$$$$logintomani@gmail.com
2018-05-21 02:34:17 INFO  TestBase:199 - $$$$$$$$$$$$$$$$$$$$$$komoot@123
2018-05-21 02:34:34 INFO  TestBase:80 - Appium Driver has been successfully closed
2018-05-21 02:34:34 INFO  TestBase:164 - Follwing Test case execution was completed :TC005_SeacrhTourTest
2018-05-21 02:34:34 INFO  TestBase:190 - Extend Report has been closed
2018-05-21 02:35:24 INFO  TestBase:74 - Appium Capabilities setUp has been completed for the class :TC005_SeacrhTourTest
2018-05-21 02:35:24 INFO  TestBase:130 - Extend Report configuration was successfull
2018-05-21 02:35:27 INFO  TestBase:199 - $$$$$$$$$$$$$$$$$$$$$$logintomani@gmail.com
2018-05-21 02:35:27 INFO  TestBase:199 - $$$$$$$$$$$$$$$$$$$$$$komoot@123
2018-05-21 02:35:46 INFO  TestBase:80 - Appium Driver has been successfully closed
2018-05-21 02:35:47 INFO  TestBase:164 - Follwing Test case execution was completed :TC005_SeacrhTourTest
2018-05-21 02:35:47 INFO  TestBase:190 - Extend Report has been closed
2018-05-21 02:38:58 INFO  TestBase:74 - Appium Capabilities setUp has been completed for the class :TC005_SeacrhTourTest
2018-05-21 02:38:58 INFO  TestBase:130 - Extend Report configuration was successfull
2018-05-21 02:39:02 INFO  TestBase:199 - $$$$$$$$$$$$$$$$$$$$$$logintomani@gmail.com
2018-05-21 02:39:02 INFO  TestBase:199 - $$$$$$$$$$$$$$$$$$$$$$komoot@123
2018-05-21 02:39:26 INFO  TestBase:80 - Appium Driver has been successfully closed
2018-05-21 02:39:27 INFO  TestBase:164 - Follwing Test case execution was completed :TC005_SeacrhTourTest
2018-05-21 02:39:27 INFO  TestBase:190 - Extend Report has been closed
2018-05-21 02:40:49 INFO  TestBase:74 - Appium Capabilities setUp has been completed for the class :TC005_SeacrhTourTest
2018-05-21 02:40:49 INFO  TestBase:130 - Extend Report configuration was successfull
2018-05-21 02:40:53 INFO  TestBase:199 - $$$$$$$$$$$$$$$$$$$$$$logintomani@gmail.com
2018-05-21 02:40:53 INFO  TestBase:199 - $$$$$$$$$$$$$$$$$$$$$$komoot@123
2018-05-21 02:41:15 INFO  TC004_UserProfileVerificationTest:37 - Login was successful using Valid user credentioals
2018-05-21 02:41:18 INFO  TC004_UserProfileVerificationTest:41 - Komoot - Plan page loaded successfully
2018-05-21 02:41:43 INFO  TestBase:80 - Appium Driver has been successfully closed
2018-05-21 02:41:44 INFO  TestBase:164 - Follwing Test case execution was completed :TC005_SeacrhTourTest
2018-05-21 02:41:44 INFO  TestBase:190 - Extend Report has been closed
2018-05-21 02:42:23 INFO  TestBase:74 - Appium Capabilities setUp has been completed for the class :TC005_SeacrhTourTest
2018-05-21 02:42:23 INFO  TestBase:130 - Extend Report configuration was successfull
2018-05-21 02:42:27 INFO  TestBase:199 - $$$$$$$$$$$$$$$$$$$$$$logintomani@gmail.com
2018-05-21 02:42:27 INFO  TestBase:199 - $$$$$$$$$$$$$$$$$$$$$$komoot@123
2018-05-21 02:42:44 INFO  TC004_UserProfileVerificationTest:37 - Login was successful using Valid user credentioals
2018-05-21 02:42:46 INFO  TC004_UserProfileVerificationTest:41 - Komoot - Plan page loaded successfully
2018-05-21 02:43:11 INFO  TC004_UserProfileVerificationTest:45 - A Route was found from the search results
2018-05-21 02:43:21 INFO  TestBase:80 - Appium Driver has been successfully closed
2018-05-21 02:43:22 INFO  TestBase:164 - Follwing Test case execution was completed :TC005_SeacrhTourTest
2018-05-21 02:43:22 INFO  TestBase:190 - Extend Report has been closed
2018-05-21 02:48:04 INFO  TestBase:74 - Appium Capabilities setUp has been completed for the class :TC001_WelcomePageUITest
2018-05-21 02:48:04 INFO  TestBase:130 - Extend Report configuration was successfull
2018-05-21 02:48:04 INFO  TC001_WelcomePageUITest:16 - Komoot Application has been Launched
2018-05-21 02:48:06 INFO  TC001_WelcomePageUITest:28 - Komoot Application Launch Page has been Verified
2018-05-21 02:48:08 INFO  TC001_WelcomePageUITest:34 - Terms of service Navigation has been verified
2018-05-21 02:48:11 INFO  TC001_WelcomePageUITest:41 - Login Using email option has been verified
2018-05-21 02:48:15 INFO  TestBase:80 - Appium Driver has been successfully closed
2018-05-21 02:48:15 INFO  TestBase:164 - Follwing Test case execution was completed :TC001_WelcomePageUITest
2018-05-21 02:48:15 INFO  TestBase:190 - Extend Report has been closed
2018-05-21 02:52:07 INFO  TestBase:74 - Appium Capabilities setUp has been completed for the class :TC002_ValidUserLoginTest
2018-05-21 02:52:07 INFO  TestBase:130 - Extend Report configuration was successfull
2018-05-21 02:52:07 INFO  TC002_ValidUserLoginTest:21 - Komoot Application has been Launched
2018-05-21 02:52:12 INFO  TestBase:199 - $$$$$$$$$$$$$$$$$$$$$$logintomani@gmail.com
2018-05-21 02:52:12 INFO  TestBase:199 - $$$$$$$$$$$$$$$$$$$$$$komoot@123
2018-05-21 02:52:29 INFO  TC002_ValidUserLoginTest:42 - Login was successful using Valid user credentioals
2018-05-21 02:52:32 INFO  TestBase:80 - Appium Driver has been successfully closed
2018-05-21 02:52:32 INFO  TestBase:164 - Follwing Test case execution was completed :TC002_ValidUserLoginTest
2018-05-21 02:52:32 INFO  TestBase:190 - Extend Report has been closed
2018-05-21 02:57:46 INFO  TestBase:74 - Appium Capabilities setUp has been completed for the class :TC003_HomepageUITest
2018-05-21 02:57:46 INFO  TestBase:130 - Extend Report configuration was successfull
2018-05-21 02:57:51 INFO  TestBase:80 - Appium Driver has been successfully closed
2018-05-21 02:57:52 INFO  TestBase:164 - Follwing Test case execution was completed :TC003_HomepageUITest
2018-05-21 02:57:52 INFO  TestBase:190 - Extend Report has been closed
2018-05-21 02:58:29 INFO  TestBase:74 - Appium Capabilities setUp has been completed for the class :TC003_HomepageUITest
2018-05-21 02:58:29 INFO  TestBase:130 - Extend Report configuration was successfull
2018-05-21 02:58:40 INFO  TestBase:74 - Appium Capabilities setUp has been completed for the class :TC003_HomepageUITest
2018-05-21 02:58:40 INFO  TestBase:130 - Extend Report configuration was successfull
2018-05-21 02:58:44 INFO  TestBase:199 - $$$$$$$$$$$$$$$$$$$$$$logintomani@gmail.com
2018-05-21 02:58:44 INFO  TestBase:199 - $$$$$$$$$$$$$$$$$$$$$$komoot@123
2018-05-21 02:59:01 INFO  TC003_HomepageUITest:35 - Login was successful using Valid user credentioals
2018-05-21 02:59:01 INFO  TC003_HomepageUITest:43 - Home Page UI validation was completed
2018-05-21 02:59:03 INFO  TC003_HomepageUITest:48 - Home Page - user profile icon validated
2018-05-21 02:59:06 INFO  TC003_HomepageUITest:53 - Home Page - Plan Menu Verified
2018-05-21 02:59:08 INFO  TC003_HomepageUITest:59 - Home Page - Discover Menu Verification successful
2018-05-21 02:59:10 INFO  TestBase:80 - Appium Driver has been successfully closed
2018-05-21 02:59:11 INFO  TestBase:164 - Follwing Test case execution was completed :TC003_HomepageUITest
2018-05-21 02:59:11 INFO  TestBase:190 - Extend Report has been closed
2018-05-21 02:59:55 INFO  TestBase:74 - Appium Capabilities setUp has been completed for the class :TC004_UserProfileVerificationTest
2018-05-21 02:59:55 INFO  TestBase:130 - Extend Report configuration was successfull
2018-05-21 03:00:03 INFO  TestBase:80 - Appium Driver has been successfully closed
2018-05-21 03:00:03 INFO  TestBase:164 - Follwing Test case execution was completed :TC004_UserProfileVerificationTest
2018-05-21 03:00:03 INFO  TestBase:190 - Extend Report has been closed
2018-05-21 03:02:37 INFO  TestBase:74 - Appium Capabilities setUp has been completed for the class :TC004_UserProfileVerificationTest
2018-05-21 03:02:37 INFO  TestBase:130 - Extend Report configuration was successfull
2018-05-21 03:02:42 INFO  TestBase:199 - $$$$$$$$$$$$$$$$$$$$$$logintomani@gmail.com
2018-05-21 03:02:42 INFO  TestBase:199 - $$$$$$$$$$$$$$$$$$$$$$komoot@123
2018-05-21 03:02:58 INFO  TC004_UserProfileVerificationTest:37 - Login was successful
2018-05-21 03:03:00 INFO  TC004_UserProfileVerificationTest:42 - Profile page loaded successfuly
2018-05-21 03:03:00 INFO  TestBase:199 - $$$$$$$$$$$$$$$$$$$$$$Mani
2018-05-21 03:03:01 INFO  TestBase:199 - $$$$$$$$$$$$$$$$$$$$$$Plan Tour
2018-05-21 03:03:01 INFO  TestBase:199 - $$$$$$$$$$$$$$$$$$$$$$0
2018-05-21 03:03:05 INFO  TestBase:80 - Appium Driver has been successfully closed
2018-05-21 03:03:06 INFO  TestBase:164 - Follwing Test case execution was completed :TC004_UserProfileVerificationTest
2018-05-21 03:03:06 INFO  TestBase:190 - Extend Report has been closed
2018-05-21 03:09:30 INFO  TestBase:74 - Appium Capabilities setUp has been completed for the class :TC004_UserProfileVerificationTest
2018-05-21 03:09:30 INFO  TestBase:130 - Extend Report configuration was successfull
2018-05-21 03:09:36 INFO  TestBase:80 - Appium Driver has been successfully closed
2018-05-21 03:09:36 INFO  TestBase:164 - Follwing Test case execution was completed :TC004_UserProfileVerificationTest
2018-05-21 03:09:36 INFO  TestBase:190 - Extend Report has been closed
2018-05-21 03:11:55 INFO  TestBase:74 - Appium Capabilities setUp has been completed for the class :TC005_SeacrhTourTest
2018-05-21 03:11:55 INFO  TestBase:130 - Extend Report configuration was successfull
2018-05-21 03:11:59 INFO  TestBase:80 - Appium Driver has been successfully closed
2018-05-21 03:12:00 INFO  TestBase:164 - Follwing Test case execution was completed :TC005_SeacrhTourTest
2018-05-21 03:12:00 INFO  TestBase:190 - Extend Report has been closed
2018-05-21 03:12:40 INFO  TestBase:74 - Appium Capabilities setUp has been completed for the class :TC005_SeacrhTourTest
2018-05-21 03:12:40 INFO  TestBase:130 - Extend Report configuration was successfull
2018-05-21 03:12:45 INFO  TestBase:199 - $$$$$$$$$$$$$$$$$$$$$$logintomani@gmail.com
2018-05-21 03:12:45 INFO  TestBase:199 - $$$$$$$$$$$$$$$$$$$$$$komoot@123
2018-05-21 03:13:02 INFO  TC004_UserProfileVerificationTest:34 - Login was successful using Valid user credentioals
2018-05-21 03:13:04 INFO  TC004_UserProfileVerificationTest:38 - Komoot - Plan page loaded successfully
2018-05-21 03:13:29 INFO  TC004_UserProfileVerificationTest:42 - A Route was found in the search results
2018-05-21 03:13:31 INFO  TC004_UserProfileVerificationTest:52 - Profile Page loaded successfully
2018-05-21 03:13:35 INFO  TC004_UserProfileVerificationTest:59 - Profile Setttings Page loaded successfully
2018-05-21 03:13:38 INFO  TestBase:80 - Appium Driver has been successfully closed
2018-05-21 03:13:39 INFO  TestBase:164 - Follwing Test case execution was completed :TC005_SeacrhTourTest
2018-05-21 03:13:39 INFO  TestBase:190 - Extend Report has been closed
2018-05-21 11:17:35 INFO  TestBase:118 - Appium Capabilities setUp has been completed for the class :TC005_SeacrhTourTest
2018-05-21 11:17:36 INFO  TestBase:172 - Extend Report configuration was successfull
2018-05-21 11:17:41 INFO  TestBase:197 - Following data was retrieved from the test data filelogintomani@gmail.com
2018-05-21 11:17:41 INFO  TestBase:197 - Following data was retrieved from the test data filekomoot@123
2018-05-21 11:17:59 INFO  TC004_UserProfileVerificationTest:34 - Login was successful using Valid user credentioals
2018-05-21 11:18:01 INFO  TC004_UserProfileVerificationTest:38 - Komoot - Plan page loaded successfully
2018-05-21 11:18:22 INFO  TC004_UserProfileVerificationTest:42 - A Route was found in the search results
2018-05-21 11:18:24 INFO  TC004_UserProfileVerificationTest:52 - Profile Page loaded successfully
2018-05-21 11:18:27 INFO  TC004_UserProfileVerificationTest:59 - Profile Setttings Page loaded successfully
2018-05-21 11:18:30 INFO  TestBase:124 - Appium Driver has been successfully closed
2018-05-21 11:18:30 INFO  TestBase:86 - Follwing Test case execution was completed :TC005_SeacrhTourTest
2018-05-21 11:18:30 INFO  TestBase:188 - Extend Report has been closed
2018-05-21 11:39:30 INFO  TestBase:119 - Appium Capabilities setUp has been completed for the class :TC005_SeacrhTourTest
2018-05-21 11:39:30 INFO  TestBase:173 - Extend Report configuration was successfull
2018-05-21 11:39:36 INFO  TestBase:125 - Appium Driver has been successfully closed
2018-05-21 11:39:36 INFO  TestBase:87 - Follwing Test case execution was completed :TC005_SeacrhTourTest
2018-05-21 11:39:36 INFO  TestBase:189 - Extend Report has been closed
2018-05-21 11:40:35 INFO  TestBase:119 - Appium Capabilities setUp has been completed for the class :TC005_SeacrhTourTest
2018-05-21 11:40:35 INFO  TestBase:173 - Extend Report configuration was successfull
2018-05-21 11:40:39 INFO  TestBase:198 - Following data was retrieved from the test data file :logintomani@gmail.com
2018-05-21 11:40:39 INFO  TestBase:198 - Following data was retrieved from the test data file :komoot@123
2018-05-21 11:40:57 INFO  TC004_UserProfileVerificationTest:34 - Login was successful using Valid user credentioals
2018-05-21 11:40:59 INFO  TC004_UserProfileVerificationTest:38 - Komoot - Plan page loaded successfully
2018-05-21 11:41:13 INFO  TestBase:125 - Appium Driver has been successfully closed
2018-05-21 11:41:13 INFO  TestBase:87 - Follwing Test case execution was completed :TC005_SeacrhTourTest
2018-05-21 11:41:14 INFO  TestBase:189 - Extend Report has been closed
2018-05-21 11:42:50 INFO  TestBase:119 - Appium Capabilities setUp has been completed for the class :TC005_SeacrhTourTest
2018-05-21 11:42:50 INFO  TestBase:173 - Extend Report configuration was successfull
2018-05-21 11:42:55 INFO  TestBase:198 - Following data was retrieved from the test data file :logintomani@gmail.com
2018-05-21 11:42:55 INFO  TestBase:198 - Following data was retrieved from the test data file :komoot@123
2018-05-21 11:43:13 INFO  TC004_UserProfileVerificationTest:34 - Login was successful using Valid user credentioals
2018-05-21 11:43:15 INFO  TC004_UserProfileVerificationTest:38 - Komoot - Plan page loaded successfully
2018-05-21 11:43:16 INFO  TC004_UserProfileVerificationTest:50 - Profile Page loaded successfully
2018-05-21 11:43:19 INFO  TC004_UserProfileVerificationTest:56 - Profile Setttings Page loaded successfully
2018-05-21 11:43:24 INFO  TestBase:125 - Appium Driver has been successfully closed
2018-05-21 11:43:24 INFO  TestBase:87 - Follwing Test case execution was completed :TC005_SeacrhTourTest
2018-05-21 11:43:24 INFO  TestBase:189 - Extend Report has been closed
2018-05-21 11:56:17 INFO  TestBase:119 - Appium Capabilities setUp has been completed for the class :TC001_WelcomePageUITest
2018-05-21 11:56:17 INFO  TestBase:173 - Extend Report configuration was successfull
2018-05-21 11:56:17 INFO  TC001_WelcomePageUITest:16 - ###########Komoot Application has been Launched###########
2018-05-21 11:56:19 INFO  TC001_WelcomePageUITest:28 - ###########Komoot Application Launch Page has been Verified###########
2018-05-21 11:56:21 INFO  TC001_WelcomePageUITest:34 - ###########Terms of service Navigation has been verified###########
2018-05-21 11:56:25 INFO  TC001_WelcomePageUITest:41 - ###########Login Using email option has been verified###########
2018-05-21 11:56:28 INFO  TestBase:125 - Appium Driver has been successfully closed
2018-05-21 11:56:29 INFO  TestBase:87 - Follwing Test case execution was completed :TC001_WelcomePageUITest
2018-05-21 11:56:29 INFO  TestBase:189 - Extend Report has been closed
2018-05-21 11:56:46 INFO  TestBase:119 - Appium Capabilities setUp has been completed for the class :TC002_ValidUserLoginTest
2018-05-21 11:56:46 INFO  TestBase:173 - Extend Report configuration was successfull
2018-05-21 11:56:46 INFO  TC002_ValidUserLoginTest:21 - ###########Komoot Application has been Launched###########
2018-05-21 11:56:50 INFO  TestBase:198 - Following data was retrieved from the test data file :logintomani@gmail.com
2018-05-21 11:56:50 INFO  TestBase:198 - Following data was retrieved from the test data file :komoot@123
2018-05-21 11:57:06 INFO  TC002_ValidUserLoginTest:46 - ###########Login was successful using Valid user credentioals###########
2018-05-21 11:57:09 INFO  TestBase:125 - Appium Driver has been successfully closed
2018-05-21 11:57:09 INFO  TestBase:87 - Follwing Test case execution was completed :TC002_ValidUserLoginTest
2018-05-21 11:57:09 INFO  TestBase:189 - Extend Report has been closed
2018-05-21 11:57:25 INFO  TestBase:119 - Appium Capabilities setUp has been completed for the class :TC003_HomepageUITest
2018-05-21 11:57:25 INFO  TestBase:173 - Extend Report configuration was successfull
2018-05-21 11:57:30 INFO  TestBase:198 - Following data was retrieved from the test data file :logintomani@gmail.com
2018-05-21 11:57:30 INFO  TestBase:198 - Following data was retrieved from the test data file :komoot@123
2018-05-21 11:57:45 INFO  TC003_HomepageUITest:35 - ###########Login was successful using Valid user credentioals###########
2018-05-21 11:57:46 INFO  TC003_HomepageUITest:43 - ###########Home Page UI validation was completed###########
2018-05-21 11:57:48 INFO  TC003_HomepageUITest:48 - ###########Home Page - user profile icon validated###########
2018-05-21 11:57:51 INFO  TC003_HomepageUITest:53 - ###########Home Page - Plan Menu Verified###########
2018-05-21 11:57:53 INFO  TC003_HomepageUITest:59 - ###########Home Page - Discover Menu Verification successful###########
2018-05-21 11:57:56 INFO  TestBase:125 - Appium Driver has been successfully closed
2018-05-21 11:57:56 INFO  TestBase:87 - Follwing Test case execution was completed :TC003_HomepageUITest
2018-05-21 11:57:56 INFO  TestBase:189 - Extend Report has been closed
2018-05-21 11:58:11 INFO  TestBase:119 - Appium Capabilities setUp has been completed for the class :TC004_UserProfileVerificationTest
2018-05-21 11:58:11 INFO  TestBase:173 - Extend Report configuration was successfull
2018-05-21 11:58:15 INFO  TestBase:198 - Following data was retrieved from the test data file :logintomani@gmail.com
2018-05-21 11:58:15 INFO  TestBase:198 - Following data was retrieved from the test data file :komoot@123
2018-05-21 11:58:32 INFO  TC004_UserProfileVerificationTest:37 - ###########Login was successful###########
2018-05-21 11:58:34 INFO  TC004_UserProfileVerificationTest:42 - ###########Profile page loaded successfuly###########
2018-05-21 11:58:34 INFO  TestBase:198 - Following data was retrieved from the test data file :Mani
2018-05-21 11:58:35 INFO  TestBase:198 - Following data was retrieved from the test data file :Plan Tour
2018-05-21 11:58:35 INFO  TestBase:198 - Following data was retrieved from the test data file :0
2018-05-21 11:58:35 INFO  TestBase:198 - Following data was retrieved from the test data file :0
2018-05-21 11:58:35 INFO  TC004_UserProfileVerificationTest:54 - ###########Profile page UI verified successfuly###########
2018-05-21 11:58:37 INFO  TC004_UserProfileVerificationTest:59 - ###########Find friends page loaded successfuly###########
2018-05-21 11:58:40 INFO  TestBase:125 - Appium Driver has been successfully closed
2018-05-21 11:58:40 INFO  TestBase:87 - Follwing Test case execution was completed :TC004_UserProfileVerificationTest
2018-05-21 11:58:40 INFO  TestBase:189 - Extend Report has been closed
2018-05-21 11:58:56 INFO  TestBase:119 - Appium Capabilities setUp has been completed for the class :TC005_SeacrhTourAndLogoutTest
2018-05-21 11:58:56 INFO  TestBase:173 - Extend Report configuration was successfull
2018-05-21 11:59:02 INFO  TestBase:125 - Appium Driver has been successfully closed
2018-05-21 11:59:02 INFO  TestBase:87 - Follwing Test case execution was completed :TC005_SeacrhTourAndLogoutTest
2018-05-21 11:59:02 INFO  TestBase:189 - Extend Report has been closed
2018-05-21 12:15:17 INFO  TestBase:119 - Appium Capabilities setUp has been completed for the class :TC001_WelcomePageUITest
2018-05-21 12:15:17 INFO  TestBase:173 - Extend Report configuration was successfull
2018-05-21 12:15:17 INFO  TC001_WelcomePageUITest:16 - ###########Komoot Application has been Launched###########
2018-05-21 12:15:18 INFO  TC001_WelcomePageUITest:28 - ###########Komoot Application Launch Page has been Verified###########
2018-05-21 12:15:20 INFO  TC001_WelcomePageUITest:34 - ###########Terms of service Navigation has been verified###########
2018-05-21 12:15:24 INFO  TC001_WelcomePageUITest:41 - ###########Login Using email option has been verified###########
2018-05-21 12:15:27 INFO  TestBase:125 - Appium Driver has been successfully closed
2018-05-21 12:15:27 INFO  TestBase:87 - Follwing Test case execution was completed :TC001_WelcomePageUITest
2018-05-21 12:15:27 INFO  TestBase:189 - Extend Report has been closed
2018-05-21 12:15:43 INFO  TestBase:119 - Appium Capabilities setUp has been completed for the class :TC002_ValidUserLoginTest
2018-05-21 12:15:43 INFO  TestBase:173 - Extend Report configuration was successfull
2018-05-21 12:15:43 INFO  TC002_ValidUserLoginTest:21 - ###########Komoot Application has been Launched###########
2018-05-21 12:15:49 INFO  TestBase:198 - Following data was retrieved from the test data file :logintomani@gmail.com
2018-05-21 12:15:49 INFO  TestBase:198 - Following data was retrieved from the test data file :komoot@123
2018-05-21 12:16:07 INFO  TC002_ValidUserLoginTest:46 - ###########Login was successful using Valid user credentioals###########
2018-05-21 12:16:10 INFO  TestBase:125 - Appium Driver has been successfully closed
2018-05-21 12:16:10 INFO  TestBase:87 - Follwing Test case execution was completed :TC002_ValidUserLoginTest
2018-05-21 12:16:10 INFO  TestBase:189 - Extend Report has been closed
2018-05-21 12:16:26 INFO  TestBase:119 - Appium Capabilities setUp has been completed for the class :TC003_HomepageUITest
2018-05-21 12:16:26 INFO  TestBase:173 - Extend Report configuration was successfull
2018-05-21 12:16:31 INFO  TestBase:198 - Following data was retrieved from the test data file :logintomani@gmail.com
2018-05-21 12:16:31 INFO  TestBase:198 - Following data was retrieved from the test data file :komoot@123
2018-05-21 12:16:48 INFO  TC003_HomepageUITest:35 - ###########Login was successful using Valid user credentioals###########
2018-05-21 12:16:49 INFO  TC003_HomepageUITest:43 - ###########Home Page UI validation was completed###########
2018-05-21 12:16:51 INFO  TC003_HomepageUITest:48 - ###########Home Page - user profile icon validated###########
2018-05-21 12:16:53 INFO  TC003_HomepageUITest:53 - ###########Home Page - Plan Menu Verified###########
2018-05-21 12:16:55 INFO  TC003_HomepageUITest:59 - ###########Home Page - Discover Menu Verification successful###########
2018-05-21 12:16:58 INFO  TestBase:125 - Appium Driver has been successfully closed
2018-05-21 12:16:58 INFO  TestBase:87 - Follwing Test case execution was completed :TC003_HomepageUITest
2018-05-21 12:16:58 INFO  TestBase:189 - Extend Report has been closed
2018-05-21 12:17:15 INFO  TestBase:119 - Appium Capabilities setUp has been completed for the class :TC004_UserProfileVerificationTest
2018-05-21 12:17:15 INFO  TestBase:173 - Extend Report configuration was successfull
2018-05-21 12:17:18 INFO  TestBase:198 - Following data was retrieved from the test data file :logintomani@gmail.com
2018-05-21 12:17:18 INFO  TestBase:198 - Following data was retrieved from the test data file :komoot@123
2018-05-21 12:17:37 INFO  TC004_UserProfileVerificationTest:37 - ###########Login was successful###########
2018-05-21 12:17:39 INFO  TC004_UserProfileVerificationTest:42 - ###########Profile page loaded successfuly###########
2018-05-21 12:17:39 INFO  TestBase:198 - Following data was retrieved from the test data file :Mani
2018-05-21 12:17:39 INFO  TestBase:198 - Following data was retrieved from the test data file :Plan Tour
2018-05-21 12:17:40 INFO  TestBase:198 - Following data was retrieved from the test data file :0
2018-05-21 12:17:40 INFO  TestBase:198 - Following data was retrieved from the test data file :0
2018-05-21 12:17:40 INFO  TC004_UserProfileVerificationTest:54 - ###########Profile page UI verified successfuly###########
2018-05-21 12:17:42 INFO  TC004_UserProfileVerificationTest:59 - ###########Find friends page loaded successfuly###########
2018-05-21 12:17:45 INFO  TestBase:125 - Appium Driver has been successfully closed
2018-05-21 12:17:45 INFO  TestBase:87 - Follwing Test case execution was completed :TC004_UserProfileVerificationTest
2018-05-21 12:17:45 INFO  TestBase:189 - Extend Report has been closed
2018-05-21 12:18:00 INFO  TestBase:119 - Appium Capabilities setUp has been completed for the class :TC005_SeacrhTourAndLogoutTest
2018-05-21 12:18:00 INFO  TestBase:173 - Extend Report configuration was successfull
2018-05-21 12:18:03 INFO  TestBase:198 - Following data was retrieved from the test data file :logintomani@gmail.com
2018-05-21 12:18:03 INFO  TestBase:198 - Following data was retrieved from the test data file :komoot@123
2018-05-21 12:18:21 INFO  TC004_UserProfileVerificationTest:34 - ###########Login was successful using Valid user credentioals###########
2018-05-21 12:18:23 INFO  TC004_UserProfileVerificationTest:38 - ###########Komoot - Plan page loaded successfully###########
2018-05-21 12:18:45 INFO  TC004_UserProfileVerificationTest:42 - ###########A Route was found in the search results###########
2018-05-21 12:18:47 INFO  TC004_UserProfileVerificationTest:50 - ###########Profile Page loaded successfully###########
2018-05-21 12:18:50 INFO  TC004_UserProfileVerificationTest:56 - ###########Profile Setttings Page loaded successfully###########
2018-05-21 12:18:55 INFO  TestBase:125 - Appium Driver has been successfully closed
2018-05-21 12:18:55 INFO  TestBase:87 - Follwing Test case execution was completed :TC005_SeacrhTourAndLogoutTest
2018-05-21 12:18:55 INFO  TestBase:189 - Extend Report has been closed
